This file contains any messages produced by compilers while
running configure, to aid debugging if configure makes a mistake.

It was created by configure, which was
generated by GNU Autoconf 2.66.  Invocation command line was

  $ ./configure 

## --------- ##
## Platform. ##
## --------- ##

hostname = vm1
uname -m = i686
uname -r = 3.0.0-17-generic
uname -s = Linux
uname -v = #30-Ubuntu SMP Thu Mar 8 17:34:21 UTC 2012

/usr/bin/uname -p = unknown
/bin/uname -X     = unknown

/bin/arch              = unknown
/usr/bin/arch -k       = unknown
/usr/convex/getsysinfo = unknown
/usr/bin/hostinfo      = unknown
/bin/machine           = unknown
/usr/bin/oslevel       = unknown
/bin/universe          = unknown

PATH: /usr/local/bin
PATH: /usr/bin
PATH: /bin
PATH: /usr/games
PATH: /home/chenxu/software/sshuttle
PATH: /home/chenxu/software/sshuttle


## ----------- ##
## Core tests. ##
## ----------- ##

configure:2157: checking for a BSD-compatible install
configure:2225: result: /usr/bin/install -c
configure:2236: checking whether build environment is sane
configure:2286: result: yes
configure:2427: checking for a thread-safe mkdir -p
configure:2466: result: /bin/mkdir -p
configure:2479: checking for gawk
configure:2495: found /usr/bin/gawk
configure:2506: result: gawk
configure:2517: checking whether make sets $(MAKE)
configure:2539: result: yes
configure:2672: checking for gcc
configure:2688: found /usr/bin/gcc
configure:2699: result: gcc
configure:2928: checking for C compiler version
configure:2937: gcc --version >&5
gcc (Ubuntu/Linaro 4.6.1-9ubuntu3) 4.6.1
Copyright (C) 2011 Free Software Foundation, Inc.
This is free software; see the source for copying conditions.  There is NO
warranty; not even for MERCHANTABILITY or FITNESS FOR A PARTICULAR PURPOSE.

configure:2948: $? = 0
configure:2937: gcc -v >&5
Using built-in specs.
COLLECT_GCC=gcc
COLLECT_LTO_WRAPPER=/usr/lib/gcc/i686-linux-gnu/4.6.1/lto-wrapper
Target: i686-linux-gnu
Configured with: ../src/configure -v --with-pkgversion='Ubuntu/Linaro 4.6.1-9ubuntu3' --with-bugurl=file:///usr/share/doc/gcc-4.6/README.Bugs --enable-languages=c,c++,fortran,objc,obj-c++,go --prefix=/usr --program-suffix=-4.6 --enable-shared --enable-linker-build-id --with-system-zlib --libexecdir=/usr/lib --without-included-gettext --enable-threads=posix --with-gxx-include-dir=/usr/include/c++/4.6 --libdir=/usr/lib --enable-nls --with-sysroot=/ --enable-clocale=gnu --enable-libstdcxx-debug --enable-libstdcxx-time=yes --enable-plugin --enable-objc-gc --enable-targets=all --disable-werror --with-arch-32=i686 --with-tune=generic --enable-checking=release --build=i686-linux-gnu --host=i686-linux-gnu --target=i686-linux-gnu
Thread model: posix
gcc version 4.6.1 (Ubuntu/Linaro 4.6.1-9ubuntu3) 
configure:2948: $? = 0
configure:2937: gcc -V >&5
gcc: error: unrecognized option '-V'
gcc: fatal error: no input files
compilation terminated.
configure:2948: $? = 4
configure:2937: gcc -qversion >&5
gcc: error: unrecognized option '-qversion'
gcc: fatal error: no input files
compilation terminated.
configure:2948: $? = 4
configure:2968: checking whether the C compiler works
configure:2990: gcc    conftest.c  >&5
configure:2994: $? = 0
configure:3042: result: yes
configure:3045: checking for C compiler default output file name
configure:3047: result: a.out
configure:3053: checking for suffix of executables
configure:3060: gcc -o conftest    conftest.c  >&5
configure:3064: $? = 0
configure:3086: result: 
configure:3108: checking whether we are cross compiling
configure:3116: gcc -o conftest    conftest.c  >&5
configure:3120: $? = 0
configure:3127: ./conftest
configure:3131: $? = 0
configure:3146: result: no
configure:3151: checking for suffix of object files
configure:3173: gcc -c   conftest.c >&5
configure:3177: $? = 0
configure:3198: result: o
configure:3202: checking whether we are using the GNU C compiler
configure:3221: gcc -c   conftest.c >&5
configure:3221: $? = 0
configure:3230: result: yes
configure:3239: checking whether gcc accepts -g
configure:3259: gcc -c -g  conftest.c >&5
configure:3259: $? = 0
configure:3300: result: yes
configure:3317: checking for gcc option to accept ISO C89
configure:3381: gcc  -c -g -O2  conftest.c >&5
configure:3381: $? = 0
configure:3394: result: none needed
configure:3425: checking for style of include used by make
configure:3453: result: GNU
configure:3478: checking dependency style of gcc
configure:3588: result: gcc3
configure:3610: checking build system type
configure:3624: result: i686-pc-linux-gnu
configure:3644: checking host system type
configure:3657: result: i686-pc-linux-gnu
configure:3690: checking how to run the C preprocessor
configure:3721: gcc -E  conftest.c
configure:3721: $? = 0
configure:3735: gcc -E  conftest.c
conftest.c:11:28: fatal error: ac_nonexistent.h: No such file or directory
compilation terminated.
configure:3735: $? = 1
configure: failed program was:
| /* confdefs.h */
| #define PACKAGE_NAME ""
| #define PACKAGE_TARNAME ""
| #define PACKAGE_VERSION ""
| #define PACKAGE_STRING ""
| #define PACKAGE_BUGREPORT ""
| #define PACKAGE_URL ""
| #define PACKAGE "sflowtool"
| #define VERSION "3.25"
| /* end confdefs.h.  */
| #include <ac_nonexistent.h>
configure:3760: result: gcc -E
configure:3780: gcc -E  conftest.c
configure:3780: $? = 0
configure:3794: gcc -E  conftest.c
conftest.c:11:28: fatal error: ac_nonexistent.h: No such file or directory
compilation terminated.
configure:3794: $? = 1
configure: failed program was:
| /* confdefs.h */
| #define PACKAGE_NAME ""
| #define PACKAGE_TARNAME ""
| #define PACKAGE_VERSION ""
| #define PACKAGE_STRING ""
| #define PACKAGE_BUGREPORT ""
| #define PACKAGE_URL ""
| #define PACKAGE "sflowtool"
| #define VERSION "3.25"
| /* end confdefs.h.  */
| #include <ac_nonexistent.h>
configure:3823: checking for grep that handles long lines and -e
configure:3881: result: /bin/grep
configure:3886: checking for egrep
configure:3948: result: /bin/grep -E
configure:3953: checking for ANSI C header files
configure:3973: gcc -c -g -O2  conftest.c >&5
configure:3973: $? = 0
configure:4046: gcc -o conftest -g -O2   conftest.c  >&5
configure:4046: $? = 0
configure:4046: ./conftest
configure:4046: $? = 0
configure:4057: result: yes
configure:4070: checking for sys/types.h
configure:4070: gcc -c -g -O2  conftest.c >&5
configure:4070: $? = 0
configure:4070: result: yes
configure:4070: checking for sys/stat.h
configure:4070: gcc -c -g -O2  conftest.c >&5
configure:4070: $? = 0
configure:4070: result: yes
configure:4070: checking for stdlib.h
configure:4070: gcc -c -g -O2  conftest.c >&5
configure:4070: $? = 0
configure:4070: result: yes
configure:4070: checking for string.h
configure:4070: gcc -c -g -O2  conftest.c >&5
configure:4070: $? = 0
configure:4070: result: yes
configure:4070: checking for memory.h
configure:4070: gcc -c -g -O2  conftest.c >&5
configure:4070: $? = 0
configure:4070: result: yes
configure:4070: checking for strings.h
configure:4070: gcc -c -g -O2  conftest.c >&5
configure:4070: $? = 0
configure:4070: result: yes
configure:4070: checking for inttypes.h
configure:4070: gcc -c -g -O2  conftest.c >&5
configure:4070: $? = 0
configure:4070: result: yes
configure:4070: checking for stdint.h
configure:4070: gcc -c -g -O2  conftest.c >&5
configure:4070: $? = 0
configure:4070: result: yes
configure:4070: checking for unistd.h
configure:4070: gcc -c -g -O2  conftest.c >&5
configure:4070: $? = 0
configure:4070: result: yes
configure:4085: checking fcntl.h usability
configure:4085: gcc -c -g -O2  conftest.c >&5
configure:4085: $? = 0
configure:4085: result: yes
configure:4085: checking fcntl.h presence
configure:4085: gcc -E  conftest.c
configure:4085: $? = 0
configure:4085: result: yes
configure:4085: checking for fcntl.h
configure:4085: result: yes
configure:4085: checking netdb.h usability
configure:4085: gcc -c -g -O2  conftest.c >&5
configure:4085: $? = 0
configure:4085: result: yes
configure:4085: checking netdb.h presence
configure:4085: gcc -E  conftest.c
configure:4085: $? = 0
configure:4085: result: yes
configure:4085: checking for netdb.h
configure:4085: result: yes
configure:4085: checking netinet/in.h usability
configure:4085: gcc -c -g -O2  conftest.c >&5
configure:4085: $? = 0
configure:4085: result: yes
configure:4085: checking netinet/in.h presence
configure:4085: gcc -E  conftest.c
configure:4085: $? = 0
configure:4085: result: yes
configure:4085: checking for netinet/in.h
configure:4085: result: yes
configure:4085: checking for stdlib.h
configure:4085: result: yes
configure:4085: checking for string.h
configure:4085: result: yes
configure:4085: checking sys/socket.h usability
configure:4085: gcc -c -g -O2  conftest.c >&5
configure:4085: $? = 0
configure:4085: result: yes
configure:4085: checking sys/socket.h presence
configure:4085: gcc -E  conftest.c
configure:4085: $? = 0
configure:4085: result: yes
configure:4085: checking for sys/socket.h
configure:4085: result: yes
configure:4085: checking sys/time.h usability
configure:4085: gcc -c -g -O2  conftest.c >&5
configure:4085: $? = 0
configure:4085: result: yes
configure:4085: checking sys/time.h presence
configure:4085: gcc -E  conftest.c
configure:4085: $? = 0
configure:4085: result: yes
configure:4085: checking for sys/time.h
configure:4085: result: yes
configure:4085: checking for unistd.h
configure:4085: result: yes
configure:4097: checking for an ANSI C-conforming const
configure:4162: gcc -c -g -O2  conftest.c >&5
configure:4162: $? = 0
configure:4169: result: yes
configure:4177: checking whether time.h and sys/time.h may both be included
configure:4197: gcc -c -g -O2  conftest.c >&5
configure:4197: $? = 0
configure:4204: result: yes
configure:4217: checking sys/select.h usability
configure:4217: gcc -c -g -O2  conftest.c >&5
configure:4217: $? = 0
configure:4217: result: yes
configure:4217: checking sys/select.h presence
configure:4217: gcc -E  conftest.c
configure:4217: $? = 0
configure:4217: result: yes
configure:4217: checking for sys/select.h
configure:4217: result: yes
configure:4217: checking for sys/socket.h
configure:4217: result: yes
configure:4227: checking types of arguments for select
configure:4255: gcc -c -g -O2  conftest.c >&5
configure:4255: $? = 0
configure:4266: result: int,fd_set *,struct timeval *
configure:4291: checking for strftime
configure:4291: gcc -o conftest -g -O2   conftest.c  >&5
conftest.c:58:6: warning: conflicting types for built-in function 'strftime' [enabled by default]
configure:4291: $? = 0
configure:4291: result: yes
configure:4346: checking for vprintf
configure:4346: gcc -o conftest -g -O2   conftest.c  >&5
conftest.c:59:6: warning: conflicting types for built-in function 'vprintf' [enabled by default]
configure:4346: $? = 0
configure:4346: result: yes
configure:4352: checking for _doprnt
configure:4352: gcc -o conftest -g -O2   conftest.c  >&5
/tmp/ccwwrjc0.o: In function `main':
/home/chenxu/software/sflowtool-mod/conftest.c:71: undefined reference to `_doprnt'
collect2: ld returned 1 exit status
configure:4352: $? = 1
configure: failed program was:
| /* confdefs.h */
| #define PACKAGE_NAME ""
| #define PACKAGE_TARNAME ""
| #define PACKAGE_VERSION ""
| #define PACKAGE_STRING ""
| #define PACKAGE_BUGREPORT ""
| #define PACKAGE_URL ""
| #define PACKAGE "sflowtool"
| #define VERSION "3.25"
| #define STDC_HEADERS 1
| #define HAVE_SYS_TYPES_H 1
| #define HAVE_SYS_STAT_H 1
| #define HAVE_STDLIB_H 1
| #define HAVE_STRING_H 1
| #define HAVE_MEMORY_H 1
| #define HAVE_STRINGS_H 1
| #define HAVE_INTTYPES_H 1
| #define HAVE_STDINT_H 1
| #define HAVE_UNISTD_H 1
| #define HAVE_FCNTL_H 1
| #define HAVE_NETDB_H 1
| #define HAVE_NETINET_IN_H 1
| #define HAVE_STDLIB_H 1
| #define HAVE_STRING_H 1
| #define HAVE_SYS_SOCKET_H 1
| #define HAVE_SYS_TIME_H 1
| #define HAVE_UNISTD_H 1
| #define TIME_WITH_SYS_TIME 1
| #define HAVE_SYS_SELECT_H 1
| #define HAVE_SYS_SOCKET_H 1
| #define SELECT_TYPE_ARG1 int
| #define SELECT_TYPE_ARG234 (fd_set *)
| #define SELECT_TYPE_ARG5 (struct timeval *)
| #define HAVE_STRFTIME 1
| #define HAVE_VPRINTF 1
| /* end confdefs.h.  */
| /* Define _doprnt to an innocuous variant, in case <limits.h> declares _doprnt.
|    For example, HP-UX 11i <limits.h> declares gettimeofday.  */
| #define _doprnt innocuous__doprnt
| 
| /* System header to define __stub macros and hopefully few prototypes,
|     which can conflict with char _doprnt (); below.
|     Prefer <limits.h> to <assert.h> if __STDC__ is defined, since
|     <limits.h> exists even on freestanding compilers.  */
| 
| #ifdef __STDC__
| # include <limits.h>
| #else
| # include <assert.h>
| #endif
| 
| #undef _doprnt
| 
| /* Override any GCC internal prototype to avoid an error.
|    Use char because int might match the return type of a GCC
|    builtin and then its argument prototype would still apply.  */
| #ifdef __cplusplus
| extern "C"
| #endif
| char _doprnt ();
| /* The GNU C library defines this for functions which it implements
|     to always fail with ENOSYS.  Some functions are actually named
|     something starting with __ and the normal name is an alias.  */
| #if defined __stub__doprnt || defined __stub____doprnt
| choke me
| #endif
| 
| int
| main ()
| {
| return _doprnt ();
|   ;
|   return 0;
| }
configure:4352: result: no
configure:4366: checking for gethostbyname
configure:4366: gcc -o conftest -g -O2   conftest.c  >&5
configure:4366: $? = 0
configure:4366: result: yes
configure:4366: checking for memset
configure:4366: gcc -o conftest -g -O2   conftest.c  >&5
conftest.c:61:6: warning: conflicting types for built-in function 'memset' [enabled by default]
configure:4366: $? = 0
configure:4366: result: yes
configure:4366: checking for select
configure:4366: gcc -o conftest -g -O2   conftest.c  >&5
configure:4366: $? = 0
configure:4366: result: yes
configure:4366: checking for socket
configure:4366: gcc -o conftest -g -O2   conftest.c  >&5
configure:4366: $? = 0
configure:4366: result: yes
configure:4366: checking for strdup
configure:4366: gcc -o conftest -g -O2   conftest.c  >&5
conftest.c:64:6: warning: conflicting types for built-in function 'strdup' [enabled by default]
configure:4366: $? = 0
configure:4366: result: yes
configure:4366: checking for strerror
configure:4366: gcc -o conftest -g -O2   conftest.c  >&5
configure:4366: $? = 0
configure:4366: result: yes
configure:4366: checking for strspn
configure:4366: gcc -o conftest -g -O2   conftest.c  >&5
conftest.c:66:6: warning: conflicting types for built-in function 'strspn' [enabled by default]
configure:4366: $? = 0
configure:4366: result: yes
configure:4366: checking for strtol
configure:4366: gcc -o conftest -g -O2   conftest.c  >&5
configure:4366: $? = 0
configure:4366: result: yes
configure:4497: creating ./config.status

## ---------------------- ##
## Running config.status. ##
## ---------------------- ##

This file was extended by config.status, which was
generated by GNU Autoconf 2.66.  Invocation command line was

  CONFIG_FILES    = 
  CONFIG_HEADERS  = 
  CONFIG_LINKS    = 
  CONFIG_COMMANDS = 
  $ ./config.status 

on vm1

config.status:883: creating Makefile
config.status:883: creating src/Makefile
config.status:883: creating config.h
config.status:1111: executing depfiles commands

## ---------------- ##
## Cache variables. ##
## ---------------- ##

ac_cv_build=i686-pc-linux-gnu
ac_cv_c_compiler_gnu=yes
ac_cv_c_const=yes
ac_cv_env_CC_set=
ac_cv_env_CC_value=
ac_cv_env_CFLAGS_set=
ac_cv_env_CFLAGS_value=
ac_cv_env_CPPFLAGS_set=
ac_cv_env_CPPFLAGS_value=
ac_cv_env_CPP_set=
ac_cv_env_CPP_value=
ac_cv_env_LDFLAGS_set=
ac_cv_env_LDFLAGS_value=
ac_cv_env_LIBS_set=
ac_cv_env_LIBS_value=
ac_cv_env_build_alias_set=
ac_cv_env_build_alias_value=
ac_cv_env_host_alias_set=
ac_cv_env_host_alias_value=
ac_cv_env_target_alias_set=
ac_cv_env_target_alias_value=
ac_cv_func__doprnt=no
ac_cv_func_gethostbyname=yes
ac_cv_func_memset=yes
ac_cv_func_select=yes
ac_cv_func_select_args='int,fd_set *,struct timeval *'
ac_cv_func_socket=yes
ac_cv_func_strdup=yes
ac_cv_func_strerror=yes
ac_cv_func_strftime=yes
ac_cv_func_strspn=yes
ac_cv_func_strtol=yes
ac_cv_func_vprintf=yes
ac_cv_header_fcntl_h=yes
ac_cv_header_inttypes_h=yes
ac_cv_header_memory_h=yes
ac_cv_header_netdb_h=yes
ac_cv_header_netinet_in_h=yes
ac_cv_header_stdc=yes
ac_cv_header_stdint_h=yes
ac_cv_header_stdlib_h=yes
ac_cv_header_string_h=yes
ac_cv_header_strings_h=yes
ac_cv_header_sys_select_h=yes
ac_cv_header_sys_socket_h=yes
ac_cv_header_sys_stat_h=yes
ac_cv_header_sys_time_h=yes
ac_cv_header_sys_types_h=yes
ac_cv_header_time=yes
ac_cv_header_unistd_h=yes
ac_cv_host=i686-pc-linux-gnu
ac_cv_objext=o
ac_cv_path_EGREP='/bin/grep -E'
ac_cv_path_GREP=/bin/grep
ac_cv_path_install='/usr/bin/install -c'
ac_cv_path_mkdir=/bin/mkdir
ac_cv_prog_AWK=gawk
ac_cv_prog_CPP='gcc -E'
ac_cv_prog_ac_ct_CC=gcc
ac_cv_prog_cc_c89=
ac_cv_prog_cc_g=yes
ac_cv_prog_make_make_set=yes
am_cv_CC_dependencies_compiler_type=gcc3

## ----------------- ##
## Output variables. ##
## ----------------- ##

ACLOCAL='${SHELL} /home/chenxu/software/sflowtool-mod/missing --run aclocal-1.11'
AMDEPBACKSLASH='\'
AMDEP_FALSE='#'
AMDEP_TRUE=''
AMTAR='${SHELL} /home/chenxu/software/sflowtool-mod/missing --run tar'
AUTOCONF='${SHELL} /home/chenxu/software/sflowtool-mod/missing --run autoconf'
AUTOHEADER='${SHELL} /home/chenxu/software/sflowtool-mod/missing --run autoheader'
AUTOMAKE='${SHELL} /home/chenxu/software/sflowtool-mod/missing --run automake-1.11'
AWK='gawk'
CC='gcc'
CCDEPMODE='depmode=gcc3'
CFLAGS='-g -O2'
CPP='gcc -E'
CPPFLAGS=''
CYGPATH_W='echo'
DEFS='-DHAVE_CONFIG_H'
DEPDIR='.deps'
ECHO_C=''
ECHO_N='-n'
ECHO_T=''
EGREP='/bin/grep -E'
EXEEXT=''
GREP='/bin/grep'
INSTALL_DATA='${INSTALL} -m 644'
INSTALL_PROGRAM='${INSTALL}'
INSTALL_SCRIPT='${INSTALL}'
INSTALL_STRIP_PROGRAM='$(install_sh) -c -s'
LDFLAGS=''
LIBOBJS=''
LIBS=''
LTLIBOBJS=''
MAKEINFO='${SHELL} /home/chenxu/software/sflowtool-mod/missing --run makeinfo'
MKDIR_P='/bin/mkdir -p'
OBJEXT='o'
PACKAGE='sflowtool'
PACKAGE_BUGREPORT=''
PACKAGE_NAME=''
PACKAGE_STRING=''
PACKAGE_TARNAME=''
PACKAGE_URL=''
PACKAGE_VERSION=''
PATH_SEPARATOR=':'
SET_MAKE=''
SHELL='/bin/bash'
STRIP=''
VERSION='3.25'
ac_ct_CC='gcc'
am__EXEEXT_FALSE=''
am__EXEEXT_TRUE='#'
am__fastdepCC_FALSE='#'
am__fastdepCC_TRUE=''
am__include='include'
am__isrc=''
am__leading_dot='.'
am__quote=''
am__tar='${AMTAR} chof - "$$tardir"'
am__untar='${AMTAR} xf -'
bindir='${exec_prefix}/bin'
build='i686-pc-linux-gnu'
build_alias=''
build_cpu='i686'
build_os='linux-gnu'
build_vendor='pc'
datadir='${datarootdir}'
datarootdir='${prefix}/share'
docdir='${datarootdir}/doc/${PACKAGE}'
dvidir='${docdir}'
exec_prefix='${prefix}'
host='i686-pc-linux-gnu'
host_alias=''
host_cpu='i686'
host_os='linux-gnu'
host_vendor='pc'
htmldir='${docdir}'
includedir='${prefix}/include'
infodir='${datarootdir}/info'
install_sh='${SHELL} /home/chenxu/software/sflowtool-mod/install-sh'
libdir='${exec_prefix}/lib'
libexecdir='${exec_prefix}/libexec'
localedir='${datarootdir}/locale'
localstatedir='${prefix}/var'
mandir='${datarootdir}/man'
mkdir_p='/bin/mkdir -p'
oldincludedir='/usr/include'
pdfdir='${docdir}'
prefix='/usr/local'
program_transform_name='s,x,x,'
psdir='${docdir}'
sbindir='${exec_prefix}/sbin'
sharedstatedir='${prefix}/com'
sysconfdir='${prefix}/etc'
target_alias=''

## ----------- ##
## confdefs.h. ##
## ----------- ##

/* confdefs.h */
#define PACKAGE_NAME ""
#define PACKAGE_TARNAME ""
#define PACKAGE_VERSION ""
#define PACKAGE_STRING ""
#define PACKAGE_BUGREPORT ""
#define PACKAGE_URL ""
#define PACKAGE "sflowtool"
#define VERSION "3.25"
#define STDC_HEADERS 1
#define HAVE_SYS_TYPES_H 1
#define HAVE_SYS_STAT_H 1
#define HAVE_STDLIB_H 1
#define HAVE_STRING_H 1
#define HAVE_MEMORY_H 1
#define HAVE_STRINGS_H 1
#define HAVE_INTTYPES_H 1
#define HAVE_STDINT_H 1
#define HAVE_UNISTD_H 1
#define HAVE_FCNTL_H 1
#define HAVE_NETDB_H 1
#define HAVE_NETINET_IN_H 1
#define HAVE_STDLIB_H 1
#define HAVE_STRING_H 1
#define HAVE_SYS_SOCKET_H 1
#define HAVE_SYS_TIME_H 1
#define HAVE_UNISTD_H 1
#define TIME_WITH_SYS_TIME 1
#define HAVE_SYS_SELECT_H 1
#define HAVE_SYS_SOCKET_H 1
#define SELECT_TYPE_ARG1 int
#define SELECT_TYPE_ARG234 (fd_set *)
#define SELECT_TYPE_ARG5 (struct timeval *)
#define HAVE_STRFTIME 1
#define HAVE_VPRINTF 1
#define HAVE_GETHOSTBYNAME 1
#define HAVE_MEMSET 1
#define HAVE_SELECT 1
#define HAVE_SOCKET 1
#define HAVE_STRDUP 1
#define HAVE_STRERROR 1
#define HAVE_STRSPN 1
#define HAVE_STRTOL 1

configure: exit 0
